c:\users\milica\source\repos\project4\project4\x64\debug\vc141.pdb
c:\users\milica\source\repos\project4\project4\x64\debug\vc141.idb
c:\users\milica\source\repos\project4\project4\x64\debug\main.obj
c:\users\milica\source\repos\project4\project4\x64\debug\matrix4x4.obj
c:\users\milica\source\repos\project4\project4\x64\debug\vector3d.obj
c:\users\milica\source\repos\project4\project4\x64\debug\vector4d.obj
c:\users\milica\source\repos\project4\x64\debug\project4.ilk
c:\users\milica\source\repos\project4\x64\debug\project4.exe
c:\users\milica\source\repos\project4\x64\debug\project4.pdb
c:\users\milica\desktop\new folder (2)\repos\project4\project4\x64\debug\main.obj
c:\users\milica\desktop\new folder (2)\repos\project4\project4\x64\debug\matrix4x4.obj
c:\users\milica\desktop\new folder (2)\repos\project4\project4\x64\debug\vector3d.obj
c:\users\milica\desktop\new folder (2)\repos\project4\project4\x64\debug\vector4d.obj
c:\users\milica\desktop\new folder (2)\repos\project4\project4\x64\debug\vc141.idb
c:\users\milica\desktop\new folder (2)\repos\project4\project4\x64\debug\vc141.pdb
c:\users\milica\desktop\new folder (2)\repos\project4\x64\debug\project4.pdb
c:\users\milica\desktop\new folder (2)\repos\project4\x64\debug\project4.exe
c:\users\milica\desktop\new folder (2)\repos\project4\x64\debug\project4.ilk
c:\users\milica\desktop\new folder (2)\repos\project4\project4\x64\debug\project4.tlog\cl.command.1.tlog
c:\users\milica\desktop\new folder (2)\repos\project4\project4\x64\debug\project4.tlog\cl.read.1.tlog
c:\users\milica\desktop\new folder (2)\repos\project4\project4\x64\debug\project4.tlog\cl.write.1.tlog
c:\users\milica\desktop\new folder (2)\repos\project4\project4\x64\debug\project4.tlog\link.command.1.tlog
c:\users\milica\desktop\new folder (2)\repos\project4\project4\x64\debug\project4.tlog\link.read.1.tlog
c:\users\milica\desktop\new folder (2)\repos\project4\project4\x64\debug\project4.tlog\link.write.1.tlog
